<?xml version="1.0" encoding="UTF-8"?>
<!-- Generated by org.testng.reporters.JUnitXMLReporter -->
<testsuite ignored="0" hostname="ISBLT-6892" failures="0" tests="37" name="Test" time="122.542" errors="0" timestamp="2021-06-04T15:36:57 PKT">
  <testcase classname="Testcases.Testcasesarabic" name="T00_arabic_clickPopUp_noThanksButton" time="5.311"/>
  <testcase classname="Testcases.Testcases" name="T00_clickPopUp_noThanksButton" time="5.331"/>
  <testcase classname="Testcases.Testcasesarabic" name="T00_arabic_switcharabiclang" time="0.275"/>
  <testcase classname="Testcases.Testcasesarabic" name="T00_arabic_xclickPopUp_noThanksButton" time="10.307"/>
  <testcase classname="Testcases.Testcases" name="T01_clickAccountButton" time="11.275"/>
  <testcase classname="Testcases.Testcases" name="T02_fillregistrationform" time="2.358"/>
  <testcase classname="Testcases.Testcasesarabic" name="T01_arabic_clickAccountButton" time="8.083"/>
  <testcase classname="Testcases.Testcasesarabic" name="T02_arabic_fillregistrationform" time="2.619"/>
  <testcase classname="Testcases.Testcases" name="T03_goingToAccountsPage" time="19.566"/>
  <testcase classname="Testcases.Testcases" name="T04_clickeditbutton" time="7.852"/>
  <testcase classname="Testcases.Testcasesarabic" name="T03_arabic_openeditpage" time="20.696"/>
  <testcase classname="Testcases.Testcases" name="T05_emaildisableverification" time="2.075"/>
  <testcase classname="Testcases.Testcases" name="T06_emailVerification" time="2.041"/>
  <testcase classname="Testcases.Testcasesarabic" name="T04_arabic_clickeditbutton" time="9.713"/>
  <testcase classname="Testcases.Testcasesarabic" name="T05_arabic_emaildisableverification" time="4.06"/>
  <testcase classname="Testcases.Testcasesarabic" name="T06_arabic_emailVerification" time="2.112"/>
  <testcase classname="Testcases.Testcases" name="T07_hoverClothingNavigationOption" time="13.209"/>
  <testcase classname="Testcases.Testcases" name="T08_clickingAnItempant" time="0.63"/>
  <testcase classname="Testcases.Testcases" name="T09_gettingitem1name" time="2.077"/>
  <testcase classname="Testcases.Testcases" name="T10_selectcolor" time="0.248"/>
  <testcase classname="Testcases.Testcases" name="T11_selectsize" time="4.517"/>
  <testcase classname="Testcases.Testcasesarabic" name="T07_arabic_hoverClothingNavigationOption" time="13.11"/>
  <testcase classname="Testcases.Testcases" name="T12_clickaddtobagbtn" time="5.393"/>
  <testcase classname="Testcases.Testcasesarabic" name="T08_arabic_clickingAnItempant" time="1.007"/>
  <testcase classname="Testcases.Testcasesarabic" name="T09_arabic_gettingitem1name" time="2.106"/>
  <testcase classname="Testcases.Testcasesarabic" name="T11_arabic_selectsize" time="4.688"/>
  <testcase classname="Testcases.Testcases" name="T13_clickbagbuttontoviewcart" time="8.495"/>
  <testcase classname="Testcases.Testcases" name="T14_verifyitemname" time="0.195"/>
  <testcase classname="Testcases.Testcasesarabic" name="T12_arabic_clickaddtobagbtn" time="5.204"/>
  <testcase classname="Testcases.Testcasesarabic" name="T13_arabic_clickbagbuttontoviewcart" time="5.977"/>
  <testcase classname="Testcases.Testcasesarabic" name="T14_arabic_verifyitemname" time="0.129"/>
  <testcase classname="Testcases.Testcases" name="T15_clickbagbuttontoviewcart" time="13.928"/>
  <testcase classname="Testcases.Testcasesarabic" name="T15_arabic_clickbagbuttontoviewcart" time="12.14"/>
  <testcase classname="Testcases.Testcases" name="T16_fillform" time="8.936"/>
  <testcase classname="Testcases.Testcases" name="T17_clickcontinuebtn" time="5.265"/>
  <testcase classname="Testcases.Testcasesarabic" name="T16_arabic_fillform" time="9.442"/>
  <testcase classname="Testcases.Testcasesarabic" name="T17_arabic_clickcontinuebtn" time="5.304"/>
</testsuite> <!-- Test -->
